TN:
SF:02-ratelimitter.js
FN:19,rateLimiter
FNF:1
FNH:1
FNDA:13,rateLimiter
DA:1,1
DA:2,1
DA:3,1
DA:4,1
DA:5,1
DA:6,1
DA:7,1
DA:8,1
DA:9,1
DA:10,1
DA:11,1
DA:12,1
DA:13,1
DA:14,1
DA:15,1
DA:16,2
DA:17,1
DA:18,1
DA:19,13
DA:20,13
DA:21,13
DA:22,13
DA:23,13
DA:24,11
DA:25,4
DA:26,4
DA:27,11
DA:28,13
DA:29,2
DA:30,2
DA:31,2
DA:32,13
DA:33,0
DA:34,0
DA:35,13
DA:36,1
DA:37,1
DA:38,1
DA:39,1
DA:40,6
DA:41,1
DA:42,1
DA:43,1
DA:44,0
DA:45,1
DA:46,1
DA:47,1
LF:47
LH:44
BRDA:15,0,0,2
BRDA:19,1,0,13
BRDA:23,2,0,11
BRDA:24,3,0,4
BRDA:27,4,0,7
BRDA:28,5,0,2
BRDA:32,6,0,0
BRDA:39,7,0,6
BRF:8
BRH:7
end_of_record
